<?xml version="1.0" encoding="UTF-8"?>
<testng-results ignored="0" total="2" passed="2" failed="0" skipped="0">
  <reporter-output>
  </reporter-output>
  <suite started-at="2026-09-17T02:35:48 IST" name="Suite" finished-at="2026-09-17T02:36:05 IST" duration-ms="17271">
    <groups>
    </groups>
    <test started-at="2026-09-17T02:35:48 IST" name="Test" finished-at="2026-09-17T02:36:05 IST" duration-ms="17271">
      <class name="test.Testcase">
        <test-method is-config="true" signature="setup()[pri:0, instance:test.Testcase@36060e]" started-at="2026-09-17T02:35:48 IST" name="setup" finished-at="2026-09-17T02:35:57 IST" duration-ms="9148" status="PASS">
          <reporter-output>
          </reporter-output>
        </test-method> <!-- setup -->
        <test-method signature="login(java.lang.String,java.lang.String)[pri:0, instance:test.Testcase@36060e]" started-at="2026-09-17T02:35:58 IST" name="login" data-provider="logininfo" finished-at="2026-09-17T02:36:05 IST" duration-ms="6516" status="PASS">
          <params>
            <param index="0">
              <value>
                <![CDATA[admin@email.com]]>
              </value>
            </param>
            <param index="1">
              <value>
                <![CDATA[admin@123]]>
              </value>
            </param>
          </params>
          <reporter-output>
          </reporter-output>
        </test-method> <!-- login -->
        <test-method signature="logout()[pri:0, instance:test.Testcase@36060e]" started-at="2026-09-17T02:36:05 IST" name="logout" finished-at="2026-09-17T02:36:05 IST" duration-ms="2" status="PASS">
          <reporter-output>
          </reporter-output>
        </test-method> <!-- logout -->
        <test-method is-config="true" signature="closebrowser()[pri:0, instance:test.Testcase@36060e]" started-at="2026-09-17T02:36:05 IST" name="closebrowser" finished-at="2026-09-17T02:36:05 IST" duration-ms="247" status="PASS">
          <reporter-output>
          </reporter-output>
        </test-method> <!-- closebrowser -->
      </class> <!-- test.Testcase -->
    </test> <!-- Test -->
  </suite> <!-- Suite -->
</testng-results>
